<?xml version="1.0" encoding="UTF-8"?>
<testsuite name="inge2.dataflow.TallerTest" tests="5" skipped="0" failures="0" errors="0" timestamp="2023-06-12T22:43:48" hostname="pgarret-ltmwawy.internal.salesforce.com" time="54.957">
  <properties/>
  <testcase name="testAbsoluto()" classname="inge2.dataflow.TallerTest" time="9.634"/>
  <testcase name="testBusquedaLineal()" classname="inge2.dataflow.TallerTest" time="10.457"/>
  <testcase name="testSetup()" classname="inge2.dataflow.TallerTest" time="9.552"/>
  <testcase name="testMapSumaUno()" classname="inge2.dataflow.TallerTest" time="9.351"/>
  <testcase name="testStackAr()" classname="inge2.dataflow.TallerTest" time="15.963"/>
  <system-out><![CDATA[]]></system-out>
  <system-err><![CDATA[]]></system-err>
</testsuite>
