<?xml version="1.0" encoding="UTF-8"?>
<testsuite name="inge2.dataflow.TallerTest" tests="1" skipped="0" failures="0" errors="0" timestamp="2023-06-28T22:47:37" hostname="pgarret-ltmwawy.internal.salesforce.com" time="15.661">
  <properties/>
  <testcase name="testStackAr()" classname="inge2.dataflow.TallerTest" time="15.661"/>
  <system-out><![CDATA[]]></system-out>
  <system-err><![CDATA[]]></system-err>
</testsuite>
